Сборка начата 10.04.2025 1:35:35.
Уровень детализации журнала: Normal.     1>Проект "D:\prog\КПО\lab7\lab7\lab7.vcxproj" в узле 2 (целевые объекты Build).
     1>PrepareForBuild:
         Структурированный вывод включен. Форматирование диагностики компилятора будет отражать иерархию ошибок. Подробнее см. https://aka.ms/cpp/structured-output.
         Создание каталога "D:\prog\КПО\lab7\Debug\".
         Создание каталога "Debug\lab7.tlog\".
       InitializeBuildStatus:
         Создание "Debug\lab7.tlog\unsuccessfulbuild", так как было задано "AlwaysCreate".
         Обращение к "Debug\lab7.tlog\unsuccessfulbuild".
       ClCompile:
         C:\Program Files\Microsoft Visual Studio\2022\Community\VC\Tools\MSVC\14.43.34808\bin\HostX86\x86\CL.exe /c /ZI /JMC /nologo /W3 /WX- /diagnostics:column /sdl /Od /Oy- /D WIN32 /D _DEBUG /D _CONSOLE /D _UNICODE /D UNICODE /Gm- /EHsc /RTC1 /MDd /GS /fp:precise /Zc:wchar_t /Zc:forScope /Zc:inline /permissive- /Fo"Debug\\" /Fd"Debug\vc143.pdb" /external:W3 /Gd /TP /analyze- /FC /errorReport:prompt call.cpp
         call.cpp
       Link:
         C:\Program Files\Microsoft Visual Studio\2022\Community\VC\Tools\MSVC\14.43.34808\bin\HostX86\x86\link.exe /ERRORREPORT:PROMPT /OUT:"D:\prog\КПО\lab7\Debug\lab7.exe" /INCREMENTAL /ILK:"Debug\lab7.ilk" /NOLOGO kernel32.lib user32.lib gdi32.lib winspool.lib comdlg32.lib advapi32.lib shell32.lib ole32.lib oleaut32.lib uuid.lib odbc32.lib odbccp32.lib /MANIFEST /MANIFESTUAC:"level='asInvoker' uiAccess='false'" /manifest:embed /DEBUG /PDB:"D:\prog\КПО\lab7\Debug\lab7.pdb" /SUBSYSTEM:CONSOLE /TLBID:1 /DYNAMICBASE /NXCOMPAT /IMPLIB:"D:\prog\КПО\lab7\Debug\lab7.lib" /MACHINE:X86 Debug\call.obj
         lab7.vcxproj -> D:\prog\КПО\lab7\Debug\lab7.exe
       FinalizeBuildStatus:
         Файл "Debug\lab7.tlog\unsuccessfulbuild" удаляется.
         Обращение к "Debug\lab7.tlog\lab7.lastbuildstate".
     1>Сборка проекта "D:\prog\КПО\lab7\lab7\lab7.vcxproj" завершена (целевые объекты Build).

Сборка успешно завершена.
    Предупреждений: 0
    Ошибок: 0

Прошло времени 00:00:01.62
