d:\prog\кпо\lab1\lab1\x64\debug\lab1.pch
d:\prog\кпо\lab1\lab1\x64\debug\vc143.pdb
d:\prog\кпо\lab1\lab1\x64\debug\vc143.idb
d:\prog\кпо\lab1\lab1\x64\debug\stdafx.obj
d:\prog\кпо\lab1\lab1\x64\debug\stdafx.cod
d:\prog\кпо\lab1\lab1\x64\debug\isleap.obj
d:\prog\кпо\lab1\lab1\x64\debug\isleap.cod
d:\prog\кпо\lab1\lab1\x64\debug\getnumberofday.obj
d:\prog\кпо\lab1\lab1\x64\debug\getnumberofday.cod
d:\prog\кпо\lab1\lab1\x64\debug\source.obj
d:\prog\кпо\lab1\lab1\x64\debug\source.cod
d:\prog\кпо\lab1\x64\debug\lab1.pdb
d:\prog\кпо\lab1\lab1\x64\debug\lab1.tlog\cl.command.1.tlog
d:\prog\кпо\lab1\lab1\x64\debug\lab1.tlog\cl.read.1.tlog
d:\prog\кпо\lab1\lab1\x64\debug\lab1.tlog\cl.write.1.tlog
d:\prog\кпо\lab1\lab1\x64\debug\lab1.tlog\link-cvtres.read.1.tlog
d:\prog\кпо\lab1\lab1\x64\debug\lab1.tlog\link-cvtres.write.1.tlog
d:\prog\кпо\lab1\lab1\x64\debug\lab1.tlog\link-rc.read.1.tlog
d:\prog\кпо\lab1\lab1\x64\debug\lab1.tlog\link-rc.write.1.tlog
d:\prog\кпо\lab1\lab1\x64\debug\lab1.tlog\link.command.1.tlog
d:\prog\кпо\lab1\lab1\x64\debug\lab1.tlog\link.read.1.tlog
d:\prog\кпо\lab1\lab1\x64\debug\lab1.tlog\link.read.3.tlog
d:\prog\кпо\lab1\lab1\x64\debug\lab1.tlog\link.write.1.tlog
